2017-09-27 06:11:04 +0000 [MT] Initial pipeline context: <IDEDistributionProcessingPipelineContext: 0x7f8c0f73b310; archive(resolved)='<IDEArchive: 0x7f8c0f5a5cf0>', distributionTask(resolved)='2', distributionMethod(resolved)='<IDEDistributionMethodiOSEnterprise: 0x7f8c0f6276c0>', team(resolved)='<IDEProvisioningBasicTeam 0x7f8c0cf580f0: teamID: 8SRP47XFRN, teamName: (null)>'>
	Chain (11, self inclusive):
	<IDEDistributionProcessingPipelineContext: 0x7f8c0f73b310; archive = '<IDEArchive: 0x7f8c0f5a5cf0>', distributionMethod='<IDEDistributionMethodiOSEnterprise: 0x7f8c0f6276c0>', team='<IDEProvisioningBasicTeam 0x7f8c0cf580f0: teamID: 8SRP47XFRN, teamName: (null)>'>
	<IDEDistributionProcessingPipelineContext: 0x7f8c0f6fb8a0; archive = '<IDEArchive: 0x7f8c0f5a5cf0>', distributionMethod='<IDEDistributionMethodiOSEnterprise: 0x7f8c0f6276c0>', team='<IDEProvisioningBasicTeam 0x7f8c0cf580f0: teamID: 8SRP47XFRN, teamName: (null)>'>
	<IDEDistributionContext: 0x7f8c0f6fb760; archive = '<IDEArchive: 0x7f8c0f5a5cf0>', distributionMethod='<IDEDistributionMethodiOSEnterprise: 0x7f8c0f6276c0>', team='<IDEProvisioningBasicTeam 0x7f8c0cf580f0: teamID: 8SRP47XFRN, teamName: (null)>'>
	<IDEDistributionContext: 0x7f8c0f5fbe20; archive = '<IDEArchive: 0x7f8c0f5a5cf0>', distributionMethod='<IDEDistributionMethodiOSEnterprise: 0x7f8c0f6276c0>', team='<IDEProvisioningBasicTeam 0x7f8c0cf580f0: teamID: 8SRP47XFRN, teamName: (null)>'>
	<IDEDistributionContext: 0x7f8c0f5f1ba0; archive = '<IDEArchive: 0x7f8c0f5a5cf0>', distributionMethod='<IDEDistributionMethodiOSEnterprise: 0x7f8c0f6276c0>', team='<IDEProvisioningBasicTeam 0x7f8c0cf580f0: teamID: 8SRP47XFRN, teamName: (null)>'>
	<IDEDistributionContext: 0x7f8c0f5edf80; archive = '<IDEArchive: 0x7f8c0f5a5cf0>', distributionMethod='<IDEDistributionMethodiOSEnterprise: 0x7f8c0f6276c0>', team='<IDEProvisioningBasicTeam 0x7f8c0cf580f0: teamID: 8SRP47XFRN, teamName: (null)>'>
	<IDEDistributionContext: 0x7f8c0f6d4090; archive = '<IDEArchive: 0x7f8c0f5a5cf0>', distributionMethod='<IDEDistributionMethodiOSEnterprise: 0x7f8c0f6276c0>', team='<IDEProvisioningBasicTeam 0x7f8c0cf580f0: teamID: 8SRP47XFRN, teamName: (null)>'>
	<IDEDistributionContext: 0x7f8c0f5eb3b0; archive = '<IDEArchive: 0x7f8c0f5a5cf0>', distributionMethod='<IDEDistributionMethodiOSEnterprise: 0x7f8c0f6276c0>', team='<IDEProvisioningBasicTeam 0x7f8c0cf580f0: teamID: 8SRP47XFRN, teamName: (null)>'>
	<IDEDistributionContext: 0x7f8c0f5bc6e0; archive = '<IDEArchive: 0x7f8c0f5a5cf0>', distributionMethod='<IDEDistributionMethodiOSEnterprise: 0x7f8c0f6276c0>', team='<IDEProvisioningBasicTeam 0x7f8c0cf580f0: teamID: 8SRP47XFRN, teamName: (null)>'>
	<IDEDistributionContext: 0x7f8c0f6b30f0; archive = '<IDEArchive: 0x7f8c0f5a5cf0>', distributionMethod='<IDEDistributionMethodiOSEnterprise: 0x7f8c0f6276c0>', team='(null)'>
	<IDEDistributionContext: 0x7f8c0f5a7470; archive = '<IDEArchive: 0x7f8c0f5a5cf0>', distributionMethod='(null)', team='(null)'>
</IDEDistributionProcessingPipelineContext: 0x7f8c0f73b310>
2017-09-27 06:11:04 +0000 [MT] Processing step: IDEDistributionCreateDestRootStep
2017-09-27 06:11:04 +0000 [MT] Processing step: IDEDistributionCopyItemStep
2017-09-27 06:11:04 +0000 [MT] Running /usr/bin/ditto '-V' '/Users/shenjie/Documents/Myproject/GitProj/CoolFrame/build/CoolFrame.xcarchive/Products/Applications/CoolFrame.app' '/var/folders/49/y2tlkkt14lq0vf9r81b8m6yc0000gn/T/XcodeDistPipeline.xBX/Root/Payload/CoolFrame.app'
2017-09-27 06:11:04 +0000  >>> Copying /Users/shenjie/Documents/Myproject/GitProj/CoolFrame/build/CoolFrame.xcarchive/Products/Applications/CoolFrame.app 
2017-09-27 06:11:04 +0000  copying file ./1.png ... 
2017-09-27 06:11:04 +0000  755809 bytes for ./1.png
copying file ./2.png ... 
2017-09-27 06:11:04 +0000  741255 bytes for ./2.png
copying file ./3.png ... 
2017-09-27 06:11:04 +0000  387488 bytes for ./3.png
copying file ./4.png ... 
368908 bytes for ./4.png
copying file ./5.png ... 
2017-09-27 06:11:04 +0000  609194 bytes for ./5.png
copying file ./_CodeSignature/CodeResources ... 
14329 bytes for ./_CodeSignature/CodeResources
copying file ./archived-expanded-entitlements.xcent ... 
2017-09-27 06:11:04 +0000  386 bytes for ./archived-expanded-entitlements.xcent
copying file ./Base.lproj/LaunchScreen.storyboardc/01J-lp-oVM-view-Ze5-6b-2t3.nib ... 
1791 bytes for ./Base.lproj/LaunchScreen.storyboardc/01J-lp-oVM-view-Ze5-6b-2t3.nib
copying file ./Base.lproj/LaunchScreen.storyboardc/Info.plist ... 
258 bytes for ./Base.lproj/LaunchScreen.storyboardc/Info.plist
copying file ./Base.lproj/LaunchScreen.storyboardc/UIViewController-01J-lp-oVM.nib ... 
2017-09-27 06:11:04 +0000  832 bytes for ./Base.lproj/LaunchScreen.storyboardc/UIViewController-01J-lp-oVM.nib
2017-09-27 06:11:04 +0000  copying file ./Base.lproj/Main.storyboardc/BYZ-38-t0r-view-8bC-Xf-vdC.nib ... 
2017-09-27 06:11:04 +0000  1791 bytes for ./Base.lproj/Main.storyboardc/BYZ-38-t0r-view-8bC-Xf-vdC.nib
copying file ./Base.lproj/Main.storyboardc/Info.plist ... 
2017-09-27 06:11:04 +0000  258 bytes for ./Base.lproj/Main.storyboardc/Info.plist
copying file ./Base.lproj/Main.storyboardc/UIViewController-BYZ-38-t0r.nib ... 
2017-09-27 06:11:04 +0000  916 bytes for ./Base.lproj/Main.storyboardc/UIViewController-BYZ-38-t0r.nib
2017-09-27 06:11:04 +0000  copying file ./contest@2x.png ... 
2017-09-27 06:11:04 +0000  578 bytes for ./contest@2x.png
copying file ./contest@3x.png ... 
2017-09-27 06:11:04 +0000  902 bytes for ./contest@3x.png
copying file ./CoolFrame ... 
2017-09-27 06:11:04 +0000  2533360 bytes for ./CoolFrame
copying file ./data.plist ... 
2017-09-27 06:11:04 +0000  56 bytes for ./data.plist
copying file ./delete@2x.png ... 
745 bytes for ./delete@2x.png
copying file ./delete@3x.png ... 
433 bytes for ./delete@3x.png
copying file ./embedded.mobileprovision ... 
7614 bytes for ./embedded.mobileprovision
copying file ./exportOptions.plist ... 
173 bytes for ./exportOptions.plist
copying file ./fakeData.json ... 
5558 bytes for ./fakeData.json
copying file ./Info.plist ... 
1182 bytes for ./Info.plist
copying file ./latest@2x.png ... 
1543 bytes for ./latest@2x.png
copying file ./latest@3x.png ... 
2667 bytes for ./latest@3x.png
copying file ./me@2x.png ... 
498 bytes for ./me@2x.png
copying file ./me@3x.png ... 
693 bytes for ./me@3x.png
copying file ./menu.png ... 
6283 bytes for ./menu.png
copying file ./nav_bg@2x.png ... 
189 bytes for ./nav_bg@2x.png
copying file ./no_searchresult@2x.png ... 
2017-09-27 06:11:04 +0000  7319 bytes for ./no_searchresult@2x.png
copying file ./no_searchresult@3x.png ... 
2017-09-27 06:11:04 +0000  11203 bytes for ./no_searchresult@3x.png
copying file ./PkgInfo ... 
2017-09-27 06:11:04 +0000  8 bytes for ./PkgInfo
2017-09-27 06:11:04 +0000  copying file ./rank@2x.png ... 
2017-09-27 06:11:04 +0000  544 bytes for ./rank@2x.png
copying file ./rank@3x.png ... 
2017-09-27 06:11:04 +0000  843 bytes for ./rank@3x.png
2017-09-27 06:11:04 +0000  copying file ./redarrowRighticon@2x.png ... 
2017-09-27 06:11:04 +0000  737 bytes for ./redarrowRighticon@2x.png
2017-09-27 06:11:04 +0000  copying file ./search_icon@2x.png ... 
2017-09-27 06:11:04 +0000  651 bytes for ./search_icon@2x.png
copying file ./search_icon@3x.png ... 
2017-09-27 06:11:04 +0000  694 bytes for ./search_icon@3x.png
copying file ./separator_line@2x.png ... 
2017-09-27 06:11:04 +0000  131 bytes for ./separator_line@2x.png
2017-09-27 06:11:04 +0000  copying file ./separator_line@3x.png ... 
2017-09-27 06:11:04 +0000  133 bytes for ./separator_line@3x.png
copying file ./tabbar_back_normal@2x.png ... 
2017-09-27 06:11:04 +0000  134 bytes for ./tabbar_back_normal@2x.png
copying file ./tabbar_back_normal@3x.png ... 
2017-09-27 06:11:04 +0000  145 bytes for ./tabbar_back_normal@3x.png
copying file ./tabbar_back_selected@2x.png ... 
2017-09-27 06:11:04 +0000  134 bytes for ./tabbar_back_selected@2x.png
copying file ./tabbar_back_selected@3x.png ... 
2017-09-27 06:11:04 +0000  144 bytes for ./tabbar_back_selected@3x.png
copying file ./topicImg.png ... 
2017-09-27 06:11:04 +0000  256793 bytes for ./topicImg.png
2017-09-27 06:11:04 +0000 [MT] /usr/bin/ditto exited with 0
2017-09-27 06:11:04 +0000 [MT] Processing step: IDEDistributionEmbedProfileStep
2017-09-27 06:11:04 +0000 [MT] Processing step: IDEDistributionAppThinningPlistStep
2017-09-27 06:11:04 +0000 [MT] Skipping step: IDEDistributionAppThinningPlistStep because it said so
2017-09-27 06:11:04 +0000 [MT] Processing step: IDEDistributionCompileBitcodeStep
2017-09-27 06:11:04 +0000 [MT] Running /Applications/Xcode.app/Contents/Developer/usr/bin/ipatool '/var/folders/49/y2tlkkt14lq0vf9r81b8m6yc0000gn/T/XcodeDistPipeline.xBX/Root' '--json' '/var/folders/49/y2tlkkt14lq0vf9r81b8m6yc0000gn/T/ipatool-json-filepath-SHwMo4' '--compile-bitcode' '--output' '/var/folders/49/y2tlkkt14lq0vf9r81b8m6yc0000gn/T/IDEIPAProcessor.AppThinning.yQM' '--toolchain' '/Applications/Xcode.app/Contents/Developer/Toolchains/XcodeDefault.xctoolchain/usr' '--platforms' '/Applications/Xcode.app/Contents/Developer/Platforms'
2017-09-27 06:11:04 +0000  ruby 2.0.0p648 (2015-12-16 revision 53162) [universal.x86_64-darwin16]
2017-09-27 06:11:05 +0000  /Applications/Xcode.app/Contents/Developer/usr/bin/ipatool:1586: warning: assigned but unused variable - minVersion
/Applications/Xcode.app/Contents/Developer/usr/bin/ipatool:1586: warning: assigned but unused variable - sdkVersion
/Applications/Xcode.app/Contents/Developer/usr/bin/ipatool:1595: warning: assigned but unused variable - sourceVersion
2017-09-27 06:11:05 +0000  /Applications/Xcode.app/Contents/Developer/usr/bin/ipatool:1697: warning: shadowing outer local variable - node
2017-09-27 06:11:05 +0000  /Applications/Xcode.app/Contents/Developer/usr/bin/ipatool:2461: warning: shadowing outer local variable - machoFile
/Applications/Xcode.app/Contents/Developer/usr/bin/ipatool:2461: warning: shadowing outer local variable - machoImage
2017-09-27 06:11:05 +0000  /Applications/Xcode.app/Contents/Developer/usr/bin/ipatool:2653: warning: assigned but unused variable - flag
/Applications/Xcode.app/Contents/Developer/usr/bin/ipatool:2653: warning: assigned but unused variable - transformer
2017-09-27 06:11:05 +0000  /Applications/Xcode.app/Contents/Developer/usr/bin/ipatool:2903: warning: assigned but unused variable - exc
2017-09-27 06:11:05 +0000  /Applications/Xcode.app/Contents/Developer/usr/bin/ipatool:731: warning: assigned but unused variable - output
2017-09-27 06:11:05 +0000  /System/Library/Frameworks/Ruby.framework/Versions/2.0/usr/lib/ruby/gems/2.0.0/gems/CFPropertyList-2.2.8/lib/cfpropertylist/rbCFPropertyList.rb:98: warning: assigned but unused variable - temp
/System/Library/Frameworks/Ruby.framework/Versions/2.0/usr/lib/ruby/gems/2.0.0/gems/CFPropertyList-2.2.8/lib/cfpropertylist/rbCFPropertyList.rb:109: warning: assigned but unused variable - e
2017-09-27 06:11:05 +0000  /System/Library/Frameworks/Ruby.framework/Versions/2.0/usr/lib/ruby/gems/2.0.0/gems/libxml-ruby-2.6.0/lib/libxml/schema/type.rb:8: warning: method redefined; discarding old annotation
2017-09-27 06:11:05 +0000  /System/Library/Frameworks/Ruby.framework/Versions/2.0/usr/lib/ruby/gems/2.0.0/gems/libxml-ruby-2.6.0/lib/libxml/schema/element.rb:18: warning: method redefined; discarding old annotation
2017-09-27 06:11:05 +0000  OS X 10.12.6 16G29
2017-09-27 06:11:05 +0000  ENV: {"TERM_SESSION_ID"=>"7DEEA194-47B6-4050-AC49-39ECD79C0748", "SSH_AUTH_SOCK"=>"/private/tmp/com.apple.launchd.itFHSkN1ze/Listeners", "OLDPWD"=>"/Users/shenjie/Documents/Myproject/GitProj/CoolFrame", "Apple_PubSub_Socket_Render"=>"/private/tmp/com.apple.launchd.hDbsQX34SU/Render", "XPC_FLAGS"=>"0x0", "LANG"=>"zh_CN.UTF-8", "PWD"=>"/Users/shenjie/Documents/Myproject/GitProj/CoolFrame", "SHELL"=>"/bin/bash", "TERM_PROGRAM_VERSION"=>"388.1.1", "TERM_PROGRAM"=>"Apple_Terminal", "PATH"=>"/Applications/Xcode.app/Contents/Developer/Toolchains/XcodeDefault.xctoolchain/usr/bin:/Applications/Xcode.app/Contents/Developer/Toolchains/XcodeDefault.xctoolchain/usr/local/bin:/Applications/Xcode.app/Contents/Developer/Toolchains/XcodeDefault.xctoolchain/usr/libexec:/Applications/Xcode.app/Contents/Developer/usr/bin:/Applications/Xcode.app/Contents/Developer/usr/local/bin:/Applications/Xcode.app/Contents/Developer/Tools:/usr/bin:/bin:/usr/sbin:/sbin", "SHLVL"=>"2", "TERM"=>"xterm-256color", "_"=>"/usr/bin/xcodebuild", "HOME"=>"/Users/shenjie", "TMPDIR"=>"/var/folders/49/y2tlkkt14lq0vf9r81b8m6yc0000gn/T/", "USER"=>"shenjie", "XPC_SERVICE_NAME"=>"0", "LOGNAME"=>"shenjie", "__CF_USER_TEXT_ENCODING"=>"0x1F5:0x19:0x34"}
ARGV: ["/var/folders/49/y2tlkkt14lq0vf9r81b8m6yc0000gn/T/XcodeDistPipeline.xBX/Root", "--json", "/var/folders/49/y2tlkkt14lq0vf9r81b8m6yc0000gn/T/ipatool-json-filepath-SHwMo4", "--compile-bitcode", "--output", "/var/folders/49/y2tlkkt14lq0vf9r81b8m6yc0000gn/T/IDEIPAProcessor.AppThinning.yQM", "--toolchain", "/Applications/Xcode.app/Contents/Developer/Toolchains/XcodeDefault.xctoolchain/usr", "--platforms", "/Applications/Xcode.app/Contents/Developer/Platforms"]
2017-09-27 06:11:05 +0000  warning: Configuration issue: platform AppleTVSimulator.platform doesn't have any non-simulator SDKs; ignoring it
2017-09-27 06:11:05 +0000  warning: Configuration issue: platform iPhoneSimulator.platform doesn't have any non-simulator SDKs; ignoring it
2017-09-27 06:11:05 +0000  warning: Configuration issue: platform WatchSimulator.platform doesn't have any non-simulator SDKs; ignoring it
2017-09-27 06:11:05 +0000  Scanning IPA...
2017-09-27 06:11:05 +0000  Complete LinkageGraph:
    CoolFrame.app/CoolFrame armv7 ->
    
    CoolFrame.app/CoolFrame arm64 ->
2017-09-27 06:11:05 +0000  Validating IPA structure...
2017-09-27 06:11:05 +0000  Compiling bitcode...
2017-09-27 06:11:05 +0000  /Applications/Xcode.app/Contents/Developer/usr/bin/bitcode-build-tool -v -t /Applications/Xcode.app/Contents/Developer/Toolchains/XcodeDefault.xctoolchain/usr/bin --sdk /Applications/Xcode.app/Contents/Developer/Platforms/iPhoneOS.platform/Developer/SDKs/iPhoneOS11.0.sdk -o /var/folders/49/y2tlkkt14lq0vf9r81b8m6yc0000gn/T/ipatool20170927-11114-1emh3pv/thinned/armv7/Payload/CoolFrame.app/CoolFrame --generate-dsym /var/folders/49/y2tlkkt14lq0vf9r81b8m6yc0000gn/T/ipatool20170927-11114-1emh3pv/thinned/armv7/Payload/CoolFrame.app/CoolFrame.dSYM --strip-swift-symbols /var/folders/49/y2tlkkt14lq0vf9r81b8m6yc0000gn/T/ipatool20170927-11114-1emh3pv/thinned/armv7/Payload/CoolFrame.app/CoolFrame
2017-09-27 06:11:05 +0000    Compiling bitcode for armv7...
    Compiling armv7 bitcode in 'CoolFrame'
2017-09-27 06:11:07 +0000      /Applications/Xcode.app/Contents/Developer/usr/bin/bitcode-build-tool exited with pid 11215 exit 0
    Stdout:
        Debug: SDK path: /Applications/Xcode.app/Contents/Developer/Platforms/iPhoneOS.platform/Developer/SDKs/iPhoneOS11.0.sdk
        Debug: PATH: ['/Applications/Xcode.app/Contents/Developer/Toolchains/XcodeDefault.xctoolchain/usr/bin', '/Applications/Xcode.app/Contents/Developer/usr/bin']
        Debug: Using: /Applications/Xcode.app/Contents/Developer/Toolchains/XcodeDefault.xctoolchain/usr/bin/lipo
        MachoInfo: cd /
        "/Applications/Xcode.app/Contents/Developer/Toolchains/XcodeDefault.xctoolchain/usr/bin/lipo" "-info" "/var/folders/49/y2tlkkt14lq0vf9r81b8m6yc0000gn/T/ipatool20170927-11114-1emh3pv/thinned/armv7/Payload/CoolFrame.app/CoolFrame" 
        -= Output =-
        Non-fat file: /var/folders/49/y2tlkkt14lq0vf9r81b8m6yc0000gn/T/ipatool20170927-11114-1emh3pv/thinned/armv7/Payload/CoolFrame.app/CoolFrame is architecture: armv7
        Exited with 0
        
        Debug: Command took 0 seconds
        Debug: Using: /Applications/Xcode.app/Contents/Developer/Toolchains/XcodeDefault.xctoolchain/usr/bin/dwarfdump
        GetUUID: cd /
        "/Applications/Xcode.app/Contents/Developer/Toolchains/XcodeDefault.xctoolchain/usr/bin/dwarfdump" "-u" "/var/folders/49/y2tlkkt14lq0vf9r81b8m6yc0000gn/T/ipatool20170927-11114-1emh3pv/thinned/armv7/Payload/CoolFrame.app/CoolFrame" 
        -= Output =-
        UUID: 62A32CC6-BEB7-3874-8942-9BAA00D41467 (armv7) /var/folders/49/y2tlkkt14lq0vf9r81b8m6yc0000gn/T/ipatool20170927-11114-1emh3pv/thinned/armv7/Payload/CoolFrame.app/CoolFrame
        Exited with 0
        
        Debug: Command took 0 seconds
        Debug: Using: /Applications/Xcode.app/Contents/Developer/Toolchains/XcodeDefault.xctoolchain/usr/bin/segedit
        ExtractXAR: cd /
        "/Applications/Xcode.app/Contents/Developer/Toolchains/XcodeDefault.xctoolchain/usr/bin/segedit" "/var/folders/49/y2tlkkt14lq0vf9r81b8m6yc0000gn/T/ipatool20170927-11114-1emh3pv/thinned/armv7/Payload/CoolFrame.app/CoolFrame" "-extract" "__LLVM" "__bundle" "/var/folders/49/y2tlkkt14lq0vf9r81b8m6yc0000gn/T/CoolFrame4rbbB1/CoolFrame.armv7.xar" 
        -= Output =-
        Exited with 0
        
        Debug: Command took 0 seconds
        Debug: Bitcode bundle version: 1.0
        Debug: Setting platform to: iPhoneOS
        Debug: Using: /Applications/Xcode.app/Contents/Developer/Toolchains/XcodeDefault.xctoolchain/usr/bin/ld
        Debug: Using: /Applications/Xcode.app/Contents/Developer/Toolchains/XcodeDefault.xctoolchain/usr/bin/clang
        Clang: cd /var/folders/49/y2tlkkt14lq0vf9r81b8m6yc0000gn/T/tempwLqxQu
        "/Applications/Xcode.app/Contents/Developer/Toolchains/XcodeDefault.xctoolchain/usr/bin/clang" "-cc1" "-triple" "thumbv7-apple-ios8.0.0" "-emit-obj" "-disable-llvm-passes" "-target-abi" "apcs-gnu" "-mfloat-abi" "soft" "-Os" "-x" "ir" "01" "-o" "01.o" 
        -= Output =-
        Exited with 0
        
        Debug: Command took 0 seconds
        Clang: cd /var/folders/49/y2tlkkt14lq0vf9r81b8m6yc0000gn/T/tempwLqxQu
        "/Applications/Xcode.app/Contents/Developer/Toolchains/XcodeDefault.xctoolchain/usr/bin/clang" "-cc1" "-triple" "thumbv7-apple-ios8.0.0" "-emit-obj" "-disable-llvm-passes" "-target-abi" "apcs-gnu" "-mfloat-abi" "soft" "-Os" "-x" "ir" "02" "-o" "02.o" 
        -= Output =-
        Exited with 0
        
        Debug: Command took 0 seconds
        Clang: cd /var/folders/49/y2tlkkt14lq0vf9r81b8m6yc0000gn/T/tempwLqxQu
        "/Applications/Xcode.app/Contents/Developer/Toolchains/XcodeDefault.xctoolchain/usr/bin/clang" "-cc1" "-triple" "thumbv7-apple-ios8.0.0" "-emit-obj" "-disable-llvm-passes" "-target-abi" "apcs-gnu" "-mfloat-abi" "soft" "-Os" "-x" "ir" "03" "-o" "03.o" 
        -= Output =-
        Exited with 0
        
        Debug: Command took 0 seconds
        Clang: cd /var/folders/49/y2tlkkt14lq0vf9r81b8m6yc0000gn/T/tempwLqxQu
        "/Applications/Xcode.app/Contents/Developer/Toolchains/XcodeDefault.xctoolchain/usr/bin/clang" "-cc1" "-triple" "thumbv7-apple-i
2017-09-27 06:11:07 +0000  os8.0.0" "-emit-obj" "-disable-llvm-passes" "-target-abi" "apcs-gnu" "-mfloat-abi" "soft" "-Os" "-x" "ir" "04" "-o" "04.o" 
        -= Output =-
        Exited with 0
        
        Debug: Command took 0 seconds
        Clang: cd /var/folders/49/y2tlkkt14lq0vf9r81b8m6yc0000gn/T/tempwLqxQu
        "/Applications/Xcode.app/Contents/Developer/Toolchains/XcodeDefault.xctoolchain/usr/bin/clang" "-cc1" "-triple" "thumbv7-apple-ios8.0.0" "-emit-obj" "-disable-llvm-passes" "-target-abi" "apcs-gnu" "-mfloat-abi" "soft" "-Os" "-x" "ir" "05" "-o" "05.o" 
        -= Output =-
        Exited with 0
        
        Debug: Command took 0 seconds
        Clang: cd /var/folders/49/y2tlkkt14lq0vf9r81b8m6yc0000gn/T/tempwLqxQu
        "/Applications/Xcode.app/Contents/Developer/Toolchains/XcodeDefault.xctoolchain/usr/bin/clang" "-cc1" "-triple" "thumbv7-apple-ios8.0.0" "-emit-obj" "-disable-llvm-passes" "-target-abi" "apcs-gnu" "-mfloat-abi" "soft" "-Os" "-x" "ir" "06" "-o" "06.o" 
        -= Output =-
        Exited with 0
        
        Debug: Command took 0 seconds
        Clang: cd /var/folders/49/y2tlkkt14lq0vf9r81b8m6yc0000gn/T/tempwLqxQu
        "/Applications/Xcode.app/Contents/Developer/Toolchains/XcodeDefault.xctoolchain/usr/bin/clang" "-cc1" "-triple" "thumbv7-apple-ios8.0.0" "-emit-obj" "-disable-llvm-passes" "-target-abi" "apcs-gnu" "-mfloat-abi" "soft" "-Os" "-x" "ir" "07" "-o" "07.o" 
        -= Output =-
        Exited with 0
        
        Debug: Command took 0 seconds
        Clang: cd /var/folders/49/y2tlkkt14lq0vf9r81b8m6yc0000gn/T/tempwLqxQu
        "/Applications/Xcode.app/Contents/Developer/Toolchains/XcodeDefault.xctoolchain/usr/bin/clang" "-cc1" "-triple" "thumbv7-apple-ios8.0.0" "-emit-obj" "-disable-llvm-passes" "-target-abi" "apcs-gnu" "-mfloat-abi" "soft" "-Os" "-x" "ir" "08" "-o" "08.o" 
        -= Output =-
        Exited with 0
        
        Debug: Command took 0 seconds
        Clang: cd /var/folders/49/y2tlkkt14lq0vf9r81b8m6yc0000gn/T/tempwLqxQu
        "/Applications/Xcode.app/Contents/Developer/Toolchains/XcodeDefault.xctoolchain/usr/bin/clang" "-cc1" "-triple" "thumbv7-apple-ios8.0.0" "-emit-obj" "-disable-llvm-passes" "-target-abi" "apcs-gnu" "-mfloat-abi" "soft" "-Os" "-x" "ir" "09" "-o" "09.o" 
        -= Output =-
        Exited with 0
        
        Debug: Command took 0 seconds
        Clang: cd /var/folders/49/y2tlkkt14lq0vf9r81b8m6yc0000gn/T/tempwLqxQu
        "/Applications/Xcode.app/Contents/Developer/Toolchains/XcodeDefault.xctoolchain/usr/bin/clang" "-cc1" "-triple" "thumbv7-apple-ios8.0.0" "-emit-obj" "-disable-llvm-passes" "-target-abi" "apcs-gnu" "-mfloat-abi" "soft" "-Os" "-x" "ir" "10" "-o" "10.o" 
        -= Output =-
        Exited with 0
        
        Debug: Command took 0 seconds
        Clang: cd /var/folders/49/y2tlkkt14lq0vf9r81b8m6yc0000gn/T/tempwLqxQu
        "/Applications/Xcode.app/Contents/Developer/Toolchains/XcodeDefault.xctoolchain/usr/bin/clang" "-cc1" "-triple" "thumbv7-apple-ios8.0.0" "-emit-obj" "-disable-llvm-passes" "-target-abi" "apcs-gnu" "-mfloat-abi" "soft" "-Os" "-x" "ir" "11" "-o" "11.o" 
        -= Output =-
        Exited with 0
        
        Debug: Command took 0 seconds
        Clang: cd /var/folders/49/y2tlkkt14lq0vf9r81b8m6yc0000gn/T/tempwLqxQu
        "/Applications/Xcode.app/Contents/Developer/Toolchains/XcodeDefault.xctoolchain/usr/bin/clang" "-cc1" "-triple" "thumbv7-apple-ios8.0.0" "-emit-obj" "-disable-llvm-passes" "-target-abi" "apcs-gnu" "-mfloat-abi" "soft" "-Os" "-x" "ir" "12" "-o" "12.o" 
        -= Output =-
        Exited with 0
        
        Debug: Command took 0 seconds
        Clang: cd /var/folders/49/y2tlkkt14lq0vf9r81b8m6yc0000gn/T/tempwLqxQu
        "/Applications/Xcode.app/Contents/Developer/Toolchains/XcodeDefault.xctoolchain/usr/bin/clang" "-cc1" "-triple" "thumbv7-apple-ios8.0.0" "-emit-obj" "-disable-llvm-passes" "-target-abi" "apcs-gnu" "-mfloat-abi" "soft" "-Os" "-x" "ir" "13" "-o" "13.o" 
        -= Output =-
        Exited with 0
        
        Debug: Command took 0 seconds
        Clang: cd /var/folders
2017-09-27 06:11:07 +0000  /49/y2tlkkt14lq0vf9r81b8m6yc0000gn/T/tempwLqxQu
        "/Applications/Xcode.app/Contents/Developer/Toolchains/XcodeDefault.xctoolchain/usr/bin/clang" "-cc1" "-triple" "thumbv7-apple-ios8.0.0" "-emit-obj" "-disable-llvm-passes" "-target-abi" "apcs-gnu" "-mfloat-abi" "soft" "-Os" "-x" "ir" "14" "-o" "14.o" 
        -= Output =-
        Exited with 0
        
        Debug: Command took 0 seconds
        Clang: cd /var/folders/49/y2tlkkt14lq0vf9r81b8m6yc0000gn/T/tempwLqxQu
        "/Applications/Xcode.app/Contents/Developer/Toolchains/XcodeDefault.xctoolchain/usr/bin/clang" "-cc1" "-triple" "thumbv7-apple-ios8.0.0" "-emit-obj" "-disable-llvm-passes" "-target-abi" "apcs-gnu" "-mfloat-abi" "soft" "-Os" "-x" "ir" "15" "-o" "15.o" 
        -= Output =-
        Exited with 0
        
        Debug: Command took 0 seconds
        Clang: cd /var/folders/49/y2tlkkt14lq0vf9r81b8m6yc0000gn/T/tempwLqxQu
        "/Applications/Xcode.app/Contents/Developer/Toolchains/XcodeDefault.xctoolchain/usr/bin/clang" "-cc1" "-triple" "thumbv7-apple-ios8.0.0" "-emit-obj" "-disable-llvm-passes" "-target-abi" "apcs-gnu" "-mfloat-abi" "soft" "-Os" "-x" "ir" "16" "-o" "16.o" 
        -= Output =-
        Exited with 0
        
        Debug: Command took 0 seconds
        Clang: cd /var/folders/49/y2tlkkt14lq0vf9r81b8m6yc0000gn/T/tempwLqxQu
        "/Applications/Xcode.app/Contents/Developer/Toolchains/XcodeDefault.xctoolchain/usr/bin/clang" "-cc1" "-triple" "thumbv7-apple-ios8.0.0" "-emit-obj" "-disable-llvm-passes" "-target-abi" "apcs-gnu" "-mfloat-abi" "soft" "-Os" "-x" "ir" "17" "-o" "17.o" 
        -= Output =-
        Exited with 0
        
        Debug: Command took 0 seconds
        Clang: cd /var/folders/49/y2tlkkt14lq0vf9r81b8m6yc0000gn/T/tempwLqxQu
        "/Applications/Xcode.app/Contents/Developer/Toolchains/XcodeDefault.xctoolchain/usr/bin/clang" "-cc1" "-triple" "thumbv7-apple-ios8.0.0" "-emit-obj" "-disable-llvm-passes" "-target-abi" "apcs-gnu" "-mfloat-abi" "soft" "-Os" "-x" "ir" "18" "-o" "18.o" 
        -= Output =-
        Exited with 0
        
        Debug: Command took 0 seconds
        Clang: cd /var/folders/49/y2tlkkt14lq0vf9r81b8m6yc0000gn/T/tempwLqxQu
        "/Applications/Xcode.app/Contents/Developer/Toolchains/XcodeDefault.xctoolchain/usr/bin/clang" "-cc1" "-triple" "thumbv7-apple-ios8.0.0" "-emit-obj" "-disable-llvm-passes" "-target-abi" "apcs-gnu" "-mfloat-abi" "soft" "-Os" "-x" "ir" "19" "-o" "19.o" 
        -= Output =-
        Exited with 0
        
        Debug: Command took 0 seconds
        Clang: cd /var/folders/49/y2tlkkt14lq0vf9r81b8m6yc0000gn/T/tempwLqxQu
        "/Applications/Xcode.app/Contents/Developer/Toolchains/XcodeDefault.xctoolchain/usr/bin/clang" "-cc1" "-triple" "thumbv7-apple-ios8.0.0" "-emit-obj" "-disable-llvm-passes" "-target-abi" "apcs-gnu" "-mfloat-abi" "soft" "-Os" "-x" "ir" "20" "-o" "20.o" 
        -= Output =-
        Exited with 0
        
        Debug: Command took 0 seconds
        Clang: cd /var/folders/49/y2tlkkt14lq0vf9r81b8m6yc0000gn/T/tempwLqxQu
        "/Applications/Xcode.app/Contents/Developer/Toolchains/XcodeDefault.xctoolchain/usr/bin/clang" "-cc1" "-triple" "thumbv7-apple-ios8.0.0" "-emit-obj" "-disable-llvm-passes" "-target-abi" "apcs-gnu" "-mfloat-abi" "soft" "-Os" "-x" "ir" "21" "-o" "21.o" 
        -= Output =-
        Exited with 0
        
        Debug: Command took 0 seconds
        Clang: cd /var/folders/49/y2tlkkt14lq0vf9r81b8m6yc0000gn/T/tempwLqxQu
        "/Applications/Xcode.app/Contents/Developer/Toolchains/XcodeDefault.xctoolchain/usr/bin/clang" "-cc1" "-triple" "thumbv7-apple-ios8.0.0" "-emit-obj" "-disable-llvm-passes" "-target-abi" "apcs-gnu" "-mfloat-abi" "soft" "-Os" "-x" "ir" "22" "-o" "22.o" 
        -= Output =-
        Exited with 0
        
        Debug: Command took 0 seconds
        Clang: cd /var/folders/49/y2tlkkt14lq0vf9r81b8m6yc0000gn/T/tempwLqxQu
        "/Applications/Xcode.app/Contents/Developer/Toolchains/XcodeDefault.xctoolchain/usr/bin/clang" "-cc1" "-triple" "thumbv7-apple-ios8.0.0" "-emit-obj" "-disable-llvm-passes" "-target-abi" "a
2017-09-27 06:11:07 +0000  pcs-gnu" "-mfloat-abi" "soft" "-Os" "-x" "ir" "23" "-o" "23.o" 
        -= Output =-
        Exited with 0
        
        Debug: Command took 0 seconds
        Clang: cd /var/folders/49/y2tlkkt14lq0vf9r81b8m6yc0000gn/T/tempwLqxQu
        "/Applications/Xcode.app/Contents/Developer/Toolchains/XcodeDefault.xctoolchain/usr/bin/clang" "-cc1" "-triple" "thumbv7-apple-ios8.0.0" "-emit-obj" "-disable-llvm-passes" "-target-abi" "apcs-gnu" "-mfloat-abi" "soft" "-Os" "-x" "ir" "24" "-o" "24.o" 
        -= Output =-
        Exited with 0
        
        Debug: Command took 0 seconds
        Clang: cd /var/folders/49/y2tlkkt14lq0vf9r81b8m6yc0000gn/T/tempwLqxQu
        "/Applications/Xcode.app/Contents/Developer/Toolchains/XcodeDefault.xctoolchain/usr/bin/clang" "-cc1" "-triple" "thumbv7-apple-ios8.0.0" "-emit-obj" "-disable-llvm-passes" "-target-abi" "apcs-gnu" "-mfloat-abi" "soft" "-Os" "-x" "ir" "25" "-o" "25.o" 
        -= Output =-
        Exited with 0
        
        Debug: Command took 0 seconds
        Clang: cd /var/folders/49/y2tlkkt14lq0vf9r81b8m6yc0000gn/T/tempwLqxQu
        "/Applications/Xcode.app/Contents/Developer/Toolchains/XcodeDefault.xctoolchain/usr/bin/clang" "-cc1" "-triple" "thumbv7-apple-ios8.0.0" "-emit-obj" "-disable-llvm-passes" "-target-abi" "apcs-gnu" "-mfloat-abi" "soft" "-Os" "-x" "ir" "26" "-o" "26.o" 
        -= Output =-
        Exited with 0
        
        Debug: Command took 0 seconds
        Clang: cd /var/folders/49/y2tlkkt14lq0vf9r81b8m6yc0000gn/T/tempwLqxQu
        "/Applications/Xcode.app/Contents/Developer/Toolchains/XcodeDefault.xctoolchain/usr/bin/clang" "-cc1" "-triple" "thumbv7-apple-ios8.0.0" "-emit-obj" "-disable-llvm-passes" "-target-abi" "apcs-gnu" "-mfloat-abi" "soft" "-Os" "-x" "ir" "27" "-o" "27.o" 
        -= Output =-
        Exited with 0
        
        Debug: Command took 0 seconds
        Clang: cd /var/folders/49/y2tlkkt14lq0vf9r81b8m6yc0000gn/T/tempwLqxQu
        "/Applications/Xcode.app/Contents/Developer/Toolchains/XcodeDefault.xctoolchain/usr/bin/clang" "-cc1" "-triple" "thumbv7-apple-ios8.0.0" "-emit-obj" "-disable-llvm-passes" "-target-abi" "apcs-gnu" "-mfloat-abi" "soft" "-Os" "-x" "ir" "28" "-o" "28.o" 
        -= Output =-
        Exited with 0
        
        Debug: Command took 0 seconds
        Clang: cd /var/folders/49/y2tlkkt14lq0vf9r81b8m6yc0000gn/T/tempwLqxQu
        "/Applications/Xcode.app/Contents/Developer/Toolchains/XcodeDefault.xctoolchain/usr/bin/clang" "-cc1" "-triple" "thumbv7-apple-ios4.3.0" "-emit-obj" "-disable-llvm-passes" "-target-abi" "apcs-gnu" "-mfloat-abi" "soft" "-Os" "-x" "ir" "29" "-o" "29.o" 
        -= Output =-
        Exited with 0
        
        Debug: Command took 0 seconds
        Debug: Found framework/dylib: /Applications/Xcode.app/Contents/Developer/Platforms/iPhoneOS.platform/Developer/SDKs/iPhoneOS11.0.sdk/System/Library/Frameworks/Foundation.framework/Foundation.tbd
        Debug: Found framework/dylib: /Applications/Xcode.app/Contents/Developer/Platforms/iPhoneOS.platform/Developer/SDKs/iPhoneOS11.0.sdk/usr/lib/libobjc.A.tbd
        Debug: Found framework/dylib: /Applications/Xcode.app/Contents/Developer/Platforms/iPhoneOS.platform/Developer/SDKs/iPhoneOS11.0.sdk/usr/lib/libSystem.B.tbd
        Debug: Found framework/dylib: /Applications/Xcode.app/Contents/Developer/Platforms/iPhoneOS.platform/Developer/SDKs/iPhoneOS11.0.sdk/System/Library/Frameworks/CoreFoundation.framework/CoreFoundation.tbd
        Debug: Found framework/dylib: /Applications/Xcode.app/Contents/Developer/Platforms/iPhoneOS.platform/Developer/SDKs/iPhoneOS11.0.sdk/System/Library/Frameworks/CoreGraphics.framework/CoreGraphics.tbd
        Debug: Found framework/dylib: /Applications/Xcode.app/Contents/Developer/Platforms/iPhoneOS.platform/Developer/SDKs/iPhoneOS11.0.sdk/System/Library/Frameworks/UIKit.framework/UIKit.tbd
        Debug: Found framework/dylib: /Applications/Xcode.app/Contents/Developer/Platforms/iPhoneOS.platform/Developer/SDKs/iPhoneOS11.0.sdk/usr/lib/libobjc.A.tbd
        Ld: cd /var/folders/49/y2tlkkt14lq0vf9r81b8m6yc0000gn/T/tempw
2017-09-27 06:11:07 +0000  LqxQu
        "/Applications/Xcode.app/Contents/Developer/Toolchains/XcodeDefault.xctoolchain/usr/bin/ld" "-arch" "armv7" "-execute" "-ios_version_min" "8.0.0" "-e" "_main" "-rpath" "@executable_path/Frameworks" "-executable_path" "/Users/shenjie/Library/Developer/Xcode/DerivedData/CoolFrame-fkqeurhkoxyzrtfwgcqkfqletzji/Build/Intermediates.noindex/ArchiveIntermediates/CoolFrame/IntermediateBuildFilesPath/CoolFrame.build/Release-iphoneos/CoolFrame.build/Objects-normal/armv7/CoolFrame" "-dead_strip" "-syslibroot" "/Applications/Xcode.app/Contents/Developer/Platforms/iPhoneOS.platform/Developer/SDKs/iPhoneOS11.0.sdk" "-sdk_version" "11.0.0" "-filelist" "/private/var/folders/49/y2tlkkt14lq0vf9r81b8m6yc0000gn/T/CoolFrame4rbbB1/CoolFrame.armv7.out.LinkFileList" "-ignore_auto_link" "-allow_dead_duplicates" "/Applications/Xcode.app/Contents/Developer/Platforms/iPhoneOS.platform/Developer/SDKs/iPhoneOS11.0.sdk/System/Library/Frameworks/Foundation.framework/Foundation.tbd" "/Applications/Xcode.app/Contents/Developer/Platforms/iPhoneOS.platform/Developer/SDKs/iPhoneOS11.0.sdk/usr/lib/libobjc.A.tbd" "/Applications/Xcode.app/Contents/Developer/Platforms/iPhoneOS.platform/Developer/SDKs/iPhoneOS11.0.sdk/usr/lib/libSystem.B.tbd" "/Applications/Xcode.app/Contents/Developer/Platforms/iPhoneOS.platform/Developer/SDKs/iPhoneOS11.0.sdk/System/Library/Frameworks/CoreFoundation.framework/CoreFoundation.tbd" "/Applications/Xcode.app/Contents/Developer/Platforms/iPhoneOS.platform/Developer/SDKs/iPhoneOS11.0.sdk/System/Library/Frameworks/CoreGraphics.framework/CoreGraphics.tbd" "/Applications/Xcode.app/Contents/Developer/Platforms/iPhoneOS.platform/Developer/SDKs/iPhoneOS11.0.sdk/System/Library/Frameworks/UIKit.framework/UIKit.tbd" "/Applications/Xcode.app/Contents/Developer/Platforms/iPhoneOS.platform/Developer/SDKs/iPhoneOS11.0.sdk/usr/lib/libobjc.A.tbd" "/Applications/Xcode.app/Contents/Developer/Toolchains/XcodeDefault.xctoolchain/usr/lib/clang/9.0.0/lib/darwin/libclang_rt.ios.a" "-o" "/private/var/folders/49/y2tlkkt14lq0vf9r81b8m6yc0000gn/T/CoolFrame4rbbB1/CoolFrame.armv7.out" 
        -= Output =-
        Exited with 0
        
        Debug: Command took 0 seconds
        warning: Cannot genarte useful dsym from input macho file: /var/folders/49/y2tlkkt14lq0vf9r81b8m6yc0000gn/T/ipatool20170927-11114-1emh3pv/thinned/armv7/Payload/CoolFrame.app/CoolFrame
        
        GetUUID: cd /
        "/Applications/Xcode.app/Contents/Developer/Toolchains/XcodeDefault.xctoolchain/usr/bin/dwarfdump" "-u" "/var/folders/49/y2tlkkt14lq0vf9r81b8m6yc0000gn/T/ipatool20170927-11114-1emh3pv/thinned/armv7/Payload/CoolFrame.app/CoolFrame" 
        -= Output =-
        UUID: CAE18ED8-3992-307A-BB87-9920D903DB0B (armv7) /var/folders/49/y2tlkkt14lq0vf9r81b8m6yc0000gn/T/ipatool20170927-11114-1emh3pv/thinned/armv7/Payload/CoolFrame.app/CoolFrame
        Exited with 0
        
        Debug: Command took 0 seconds
        Debug: Using: /Applications/Xcode.app/Contents/Developer/Toolchains/XcodeDefault.xctoolchain/usr/bin/dsymutil
        Dsymutil: cd /
        "/Applications/Xcode.app/Contents/Developer/Toolchains/XcodeDefault.xctoolchain/usr/bin/dsymutil" "/var/folders/49/y2tlkkt14lq0vf9r81b8m6yc0000gn/T/ipatool20170927-11114-1emh3pv/thinned/armv7/Payload/CoolFrame.app/CoolFrame" "-o" "/var/folders/49/y2tlkkt14lq0vf9r81b8m6yc0000gn/T/ipatool20170927-11114-1emh3pv/thinned/armv7/Payload/CoolFrame.app/CoolFrame.dSYM" 
        -= Output =-
        Exited with 0
        
        Debug: Command took 0 seconds
        Debug: Using: /Applications/Xcode.app/Contents/Developer/Toolchains/XcodeDefault.xctoolchain/usr/bin/strip
        StripSymbols: cd /
        "/Applications/Xcode.app/Contents/Developer/Toolchains/XcodeDefault.xctoolchain/usr/bin/strip" "/var/folders/49/y2tlkkt14lq0vf9r81b8m6yc0000gn/T/ipatool20170927-11114-1emh3pv/thinned/armv7/Payload/CoolFrame.app/CoolFrame" 
        -= Output =-
        Exited with 0
        
        Debug: Command took 0 seconds
    
    Stderr:
/Applications/Xcode.app/Contents/Developer/usr/bin/symbols -failIfMissingDsym -symbolsPackag
2017-09-27 06:11:07 +0000  eDir /var/folders/49/y2tlkkt14lq0vf9r81b8m6yc0000gn/T/ipatool20170927-11114-1emh3pv/thinned/armv7/Payload/CoolFrame.app /var/folders/49/y2tlkkt14lq0vf9r81b8m6yc0000gn/T/ipatool20170927-11114-1emh3pv/thinned/armv7/Payload/CoolFrame.app/CoolFrame
2017-09-27 06:11:07 +0000      /Applications/Xcode.app/Contents/Developer/usr/bin/symbols exited with pid 11258 exit 0
    Stdout:
        /var/folders/49/y2tlkkt14lq0vf9r81b8m6yc0000gn/T/ipatool20170927-11114-1emh3pv/thinned/armv7/Payload/CoolFrame.app/CoolFrame [armv7, 0.000529 seconds]:
    
    Stderr:
2017-09-27 06:11:07 +0000  /Applications/Xcode.app/Contents/Developer/usr/bin/bitcode-build-tool -v -t /Applications/Xcode.app/Contents/Developer/Toolchains/XcodeDefault.xctoolchain/usr/bin --sdk /Applications/Xcode.app/Contents/Developer/Platforms/iPhoneOS.platform/Developer/SDKs/iPhoneOS11.0.sdk -o /var/folders/49/y2tlkkt14lq0vf9r81b8m6yc0000gn/T/ipatool20170927-11114-1emh3pv/thinned/arm64/Payload/CoolFrame.app/CoolFrame --generate-dsym /var/folders/49/y2tlkkt14lq0vf9r81b8m6yc0000gn/T/ipatool20170927-11114-1emh3pv/thinned/arm64/Payload/CoolFrame.app/CoolFrame.dSYM --strip-swift-symbols /var/folders/49/y2tlkkt14lq0vf9r81b8m6yc0000gn/T/ipatool20170927-11114-1emh3pv/thinned/arm64/Payload/CoolFrame.app/CoolFrame
2017-09-27 06:11:07 +0000    Compiling bitcode for arm64...
    Compiling arm64 bitcode in 'CoolFrame'
2017-09-27 06:11:08 +0000      /Applications/Xcode.app/Contents/Developer/usr/bin/bitcode-build-tool exited with pid 11267 exit 0
    Stdout:
        Debug: SDK path: /Applications/Xcode.app/Contents/Developer/Platforms/iPhoneOS.platform/Developer/SDKs/iPhoneOS11.0.sdk
        Debug: PATH: ['/Applications/Xcode.app/Contents/Developer/Toolchains/XcodeDefault.xctoolchain/usr/bin', '/Applications/Xcode.app/Contents/Developer/usr/bin']
        Debug: Using: /Applications/Xcode.app/Contents/Developer/Toolchains/XcodeDefault.xctoolchain/usr/bin/lipo
        MachoInfo: cd /
        "/Applications/Xcode.app/Contents/Developer/Toolchains/XcodeDefault.xctoolchain/usr/bin/lipo" "-info" "/var/folders/49/y2tlkkt14lq0vf9r81b8m6yc0000gn/T/ipatool20170927-11114-1emh3pv/thinned/arm64/Payload/CoolFrame.app/CoolFrame" 
        -= Output =-
        Non-fat file: /var/folders/49/y2tlkkt14lq0vf9r81b8m6yc0000gn/T/ipatool20170927-11114-1emh3pv/thinned/arm64/Payload/CoolFrame.app/CoolFrame is architecture: arm64
        Exited with 0
        
        Debug: Command took 0 seconds
        Debug: Using: /Applications/Xcode.app/Contents/Developer/Toolchains/XcodeDefault.xctoolchain/usr/bin/dwarfdump
        GetUUID: cd /
        "/Applications/Xcode.app/Contents/Developer/Toolchains/XcodeDefault.xctoolchain/usr/bin/dwarfdump" "-u" "/var/folders/49/y2tlkkt14lq0vf9r81b8m6yc0000gn/T/ipatool20170927-11114-1emh3pv/thinned/arm64/Payload/CoolFrame.app/CoolFrame" 
        -= Output =-
        UUID: 887779AF-8716-3F6C-8C27-9FDD8A18DA54 (arm64) /var/folders/49/y2tlkkt14lq0vf9r81b8m6yc0000gn/T/ipatool20170927-11114-1emh3pv/thinned/arm64/Payload/CoolFrame.app/CoolFrame
        Exited with 0
        
        Debug: Command took 0 seconds
        Debug: Using: /Applications/Xcode.app/Contents/Developer/Toolchains/XcodeDefault.xctoolchain/usr/bin/segedit
        ExtractXAR: cd /
        "/Applications/Xcode.app/Contents/Developer/Toolchains/XcodeDefault.xctoolchain/usr/bin/segedit" "/var/folders/49/y2tlkkt14lq0vf9r81b8m6yc0000gn/T/ipatool20170927-11114-1emh3pv/thinned/arm64/Payload/CoolFrame.app/CoolFrame" "-extract" "__LLVM" "__bundle" "/var/folders/49/y2tlkkt14lq0vf9r81b8m6yc0000gn/T/CoolFrameQqwAei/CoolFrame.arm64.xar" 
        -= Output =-
        Exited with 0
        
        Debug: Command took 0 seconds
        Debug: Bitcode bundle version: 1.0
        Debug: Setting platform to: iPhoneOS
        Debug: Using: /Applications/Xcode.app/Contents/Developer/Toolchains/XcodeDefault.xctoolchain/usr/bin/ld
        Debug: Using: /Applications/Xcode.app/Contents/Developer/Toolchains/XcodeDefault.xctoolchain/usr/bin/clang
        Clang: cd /var/folders/49/y2tlkkt14lq0vf9r81b8m6yc0000gn/T/tempfw3U44
        "/Applications/Xcode.app/Contents/Developer/Toolchains/XcodeDefault.xctoolchain/usr/bin/clang" "-cc1" "-triple" "arm64-apple-ios8.0.0" "-emit-obj" "-disable-llvm-passes" "-target-abi" "darwinpcs" "-Os" "-x" "ir" "01" "-o" "01.o" 
        -= Output =-
        Exited with 0
        
        Debug: Command took 0 seconds
        Clang: cd /var/folders/49/y2tlkkt14lq0vf9r81b8m6yc0000gn/T/tempfw3U44
        "/Applications/Xcode.app/Contents/Developer/Toolchains/XcodeDefault.xctoolchain/usr/bin/clang" "-cc1" "-triple" "arm64-apple-ios8.0.0" "-emit-obj" "-disable-llvm-passes" "-target-abi" "darwinpcs" "-Os" "-x" "ir" "02" "-o" "02.o" 
        -= Output =-
        Exited with 0
        
        Debug: Command took 0 seconds
        Clang: cd /var/folders/49/y2tlkkt14lq0vf9r81b8m6yc0000gn/T/tempfw3U44
        "/Applications/Xcode.app/Contents/Developer/Toolchains/XcodeDefault.xctoolchain/usr/bin/clang" "-cc1" "-triple" "arm64-apple-ios8.0.0" "-emit-obj" "-disable-llvm-passes" "-target-abi" "darwinpcs" "-Os" "-x" "ir" "03" "-o" "03.o" 
        -= Output =-
        Exited with 0
        
        Debug: Command took 0 seconds
        Clang: cd /var/folders/49/y2tlkkt14lq0vf9r81b8m6yc0000gn/T/tempfw3U44
        "/Applications/Xcode.app/Contents/Developer/Toolchains/XcodeDefault.xctoolchain/usr/bin/clang" "-cc1" "-triple" "arm64-apple-ios8.0.0" "-emit-obj" "-disable-llvm-passes" "-target-abi" "darwinpcs
2017-09-27 06:11:08 +0000  " "-Os" "-x" "ir" "04" "-o" "04.o" 
        -= Output =-
        Exited with 0
        
        Debug: Command took 0 seconds
        Clang: cd /var/folders/49/y2tlkkt14lq0vf9r81b8m6yc0000gn/T/tempfw3U44
        "/Applications/Xcode.app/Contents/Developer/Toolchains/XcodeDefault.xctoolchain/usr/bin/clang" "-cc1" "-triple" "arm64-apple-ios8.0.0" "-emit-obj" "-disable-llvm-passes" "-target-abi" "darwinpcs" "-Os" "-x" "ir" "05" "-o" "05.o" 
        -= Output =-
        Exited with 0
        
        Debug: Command took 0 seconds
        Clang: cd /var/folders/49/y2tlkkt14lq0vf9r81b8m6yc0000gn/T/tempfw3U44
        "/Applications/Xcode.app/Contents/Developer/Toolchains/XcodeDefault.xctoolchain/usr/bin/clang" "-cc1" "-triple" "arm64-apple-ios8.0.0" "-emit-obj" "-disable-llvm-passes" "-target-abi" "darwinpcs" "-Os" "-x" "ir" "06" "-o" "06.o" 
        -= Output =-
        Exited with 0
        
        Debug: Command took 0 seconds
        Clang: cd /var/folders/49/y2tlkkt14lq0vf9r81b8m6yc0000gn/T/tempfw3U44
        "/Applications/Xcode.app/Contents/Developer/Toolchains/XcodeDefault.xctoolchain/usr/bin/clang" "-cc1" "-triple" "arm64-apple-ios8.0.0" "-emit-obj" "-disable-llvm-passes" "-target-abi" "darwinpcs" "-Os" "-x" "ir" "07" "-o" "07.o" 
        -= Output =-
        Exited with 0
        
        Debug: Command took 0 seconds
        Clang: cd /var/folders/49/y2tlkkt14lq0vf9r81b8m6yc0000gn/T/tempfw3U44
        "/Applications/Xcode.app/Contents/Developer/Toolchains/XcodeDefault.xctoolchain/usr/bin/clang" "-cc1" "-triple" "arm64-apple-ios8.0.0" "-emit-obj" "-disable-llvm-passes" "-target-abi" "darwinpcs" "-Os" "-x" "ir" "08" "-o" "08.o" 
        -= Output =-
        Exited with 0
        
        Debug: Command took 0 seconds
        Clang: cd /var/folders/49/y2tlkkt14lq0vf9r81b8m6yc0000gn/T/tempfw3U44
        "/Applications/Xcode.app/Contents/Developer/Toolchains/XcodeDefault.xctoolchain/usr/bin/clang" "-cc1" "-triple" "arm64-apple-ios8.0.0" "-emit-obj" "-disable-llvm-passes" "-target-abi" "darwinpcs" "-Os" "-x" "ir" "09" "-o" "09.o" 
        -= Output =-
        Exited with 0
        
        Debug: Command took 0 seconds
        Clang: cd /var/folders/49/y2tlkkt14lq0vf9r81b8m6yc0000gn/T/tempfw3U44
        "/Applications/Xcode.app/Contents/Developer/Toolchains/XcodeDefault.xctoolchain/usr/bin/clang" "-cc1" "-triple" "arm64-apple-ios8.0.0" "-emit-obj" "-disable-llvm-passes" "-target-abi" "darwinpcs" "-Os" "-x" "ir" "10" "-o" "10.o" 
        -= Output =-
        Exited with 0
        
        Debug: Command took 0 seconds
        Clang: cd /var/folders/49/y2tlkkt14lq0vf9r81b8m6yc0000gn/T/tempfw3U44
        "/Applications/Xcode.app/Contents/Developer/Toolchains/XcodeDefault.xctoolchain/usr/bin/clang" "-cc1" "-triple" "arm64-apple-ios8.0.0" "-emit-obj" "-disable-llvm-passes" "-target-abi" "darwinpcs" "-Os" "-x" "ir" "11" "-o" "11.o" 
        -= Output =-
        Exited with 0
        
        Debug: Command took 0 seconds
        Clang: cd /var/folders/49/y2tlkkt14lq0vf9r81b8m6yc0000gn/T/tempfw3U44
        "/Applications/Xcode.app/Contents/Developer/Toolchains/XcodeDefault.xctoolchain/usr/bin/clang" "-cc1" "-triple" "arm64-apple-ios8.0.0" "-emit-obj" "-disable-llvm-passes" "-target-abi" "darwinpcs" "-Os" "-x" "ir" "12" "-o" "12.o" 
        -= Output =-
        Exited with 0
        
        Debug: Command took 0 seconds
        Clang: cd /var/folders/49/y2tlkkt14lq0vf9r81b8m6yc0000gn/T/tempfw3U44
        "/Applications/Xcode.app/Contents/Developer/Toolchains/XcodeDefault.xctoolchain/usr/bin/clang" "-cc1" "-triple" "arm64-apple-ios8.0.0" "-emit-obj" "-disable-llvm-passes" "-target-abi" "darwinpcs" "-Os" "-x" "ir" "13" "-o" "13.o" 
        -= Output =-
        Exited with 0
        
        Debug: Command took 0 seconds
        Clang: cd /var/folders/49/y2tlkkt14lq0vf9r81b8m6yc0000gn/T/tempfw3U44
        "/Applications/Xcode.app/Contents/Developer/Toolchains/XcodeDefault.xctoolchain/usr/bin/clang" "-cc1" "-triple" "arm64-apple-ios8.0.0" "-emit-obj" "-disable-llvm-passes" "-target-abi" "darwinpcs" "-Os" "-x" "ir" "14" "-o" "14.o" 
2017-09-27 06:11:08 +0000          -= Output =-
        Exited with 0
        
        Debug: Command took 0 seconds
        Clang: cd /var/folders/49/y2tlkkt14lq0vf9r81b8m6yc0000gn/T/tempfw3U44
        "/Applications/Xcode.app/Contents/Developer/Toolchains/XcodeDefault.xctoolchain/usr/bin/clang" "-cc1" "-triple" "arm64-apple-ios8.0.0" "-emit-obj" "-disable-llvm-passes" "-target-abi" "darwinpcs" "-Os" "-x" "ir" "15" "-o" "15.o" 
        -= Output =-
        Exited with 0
        
        Debug: Command took 0 seconds
        Clang: cd /var/folders/49/y2tlkkt14lq0vf9r81b8m6yc0000gn/T/tempfw3U44
        "/Applications/Xcode.app/Contents/Developer/Toolchains/XcodeDefault.xctoolchain/usr/bin/clang" "-cc1" "-triple" "arm64-apple-ios8.0.0" "-emit-obj" "-disable-llvm-passes" "-target-abi" "darwinpcs" "-Os" "-x" "ir" "16" "-o" "16.o" 
        -= Output =-
        Exited with 0
        
        Debug: Command took 0 seconds
        Clang: cd /var/folders/49/y2tlkkt14lq0vf9r81b8m6yc0000gn/T/tempfw3U44
        "/Applications/Xcode.app/Contents/Developer/Toolchains/XcodeDefault.xctoolchain/usr/bin/clang" "-cc1" "-triple" "arm64-apple-ios8.0.0" "-emit-obj" "-disable-llvm-passes" "-target-abi" "darwinpcs" "-Os" "-x" "ir" "17" "-o" "17.o" 
        -= Output =-
        Exited with 0
        
        Debug: Command took 0 seconds
        Clang: cd /var/folders/49/y2tlkkt14lq0vf9r81b8m6yc0000gn/T/tempfw3U44
        "/Applications/Xcode.app/Contents/Developer/Toolchains/XcodeDefault.xctoolchain/usr/bin/clang" "-cc1" "-triple" "arm64-apple-ios8.0.0" "-emit-obj" "-disable-llvm-passes" "-target-abi" "darwinpcs" "-Os" "-x" "ir" "18" "-o" "18.o" 
        -= Output =-
        Exited with 0
        
        Debug: Command took 0 seconds
        Clang: cd /var/folders/49/y2tlkkt14lq0vf9r81b8m6yc0000gn/T/tempfw3U44
        "/Applications/Xcode.app/Contents/Developer/Toolchains/XcodeDefault.xctoolchain/usr/bin/clang" "-cc1" "-triple" "arm64-apple-ios8.0.0" "-emit-obj" "-disable-llvm-passes" "-target-abi" "darwinpcs" "-Os" "-x" "ir" "19" "-o" "19.o" 
        -= Output =-
        Exited with 0
        
        Debug: Command took 0 seconds
        Clang: cd /var/folders/49/y2tlkkt14lq0vf9r81b8m6yc0000gn/T/tempfw3U44
        "/Applications/Xcode.app/Contents/Developer/Toolchains/XcodeDefault.xctoolchain/usr/bin/clang" "-cc1" "-triple" "arm64-apple-ios8.0.0" "-emit-obj" "-disable-llvm-passes" "-target-abi" "darwinpcs" "-Os" "-x" "ir" "20" "-o" "20.o" 
        -= Output =-
        Exited with 0
        
        Debug: Command took 0 seconds
        Clang: cd /var/folders/49/y2tlkkt14lq0vf9r81b8m6yc0000gn/T/tempfw3U44
        "/Applications/Xcode.app/Contents/Developer/Toolchains/XcodeDefault.xctoolchain/usr/bin/clang" "-cc1" "-triple" "arm64-apple-ios8.0.0" "-emit-obj" "-disable-llvm-passes" "-target-abi" "darwinpcs" "-Os" "-x" "ir" "21" "-o" "21.o" 
        -= Output =-
        Exited with 0
        
        Debug: Command took 0 seconds
        Clang: cd /var/folders/49/y2tlkkt14lq0vf9r81b8m6yc0000gn/T/tempfw3U44
        "/Applications/Xcode.app/Contents/Developer/Toolchains/XcodeDefault.xctoolchain/usr/bin/clang" "-cc1" "-triple" "arm64-apple-ios8.0.0" "-emit-obj" "-disable-llvm-passes" "-target-abi" "darwinpcs" "-Os" "-x" "ir" "22" "-o" "22.o" 
        -= Output =-
        Exited with 0
        
        Debug: Command took 0 seconds
        Clang: cd /var/folders/49/y2tlkkt14lq0vf9r81b8m6yc0000gn/T/tempfw3U44
        "/Applications/Xcode.app/Contents/Developer/Toolchains/XcodeDefault.xctoolchain/usr/bin/clang" "-cc1" "-triple" "arm64-apple-ios8.0.0" "-emit-obj" "-disable-llvm-passes" "-target-abi" "darwinpcs" "-Os" "-x" "ir" "23" "-o" "23.o" 
        -= Output =-
        Exited with 0
        
        Debug: Command took 0 seconds
        Clang: cd /var/folders/49/y2tlkkt14lq0vf9r81b8m6yc0000gn/T/tempfw3U44
        "/Applications/Xcode.app/Contents/Developer/Toolchains/XcodeDefault.xctoolchain/usr/bin/clang" "-cc1" "-triple" "arm64-apple-ios8.0.0" "-emit-obj" "-disable-llvm-passes" "-target-abi" "darwinpcs" "-Os" "-x" "ir" "24" "-o" "24.o" 
        -= Output =-
        Exited 
2017-09-27 06:11:08 +0000  with 0
        
        Debug: Command took 0 seconds
        Clang: cd /var/folders/49/y2tlkkt14lq0vf9r81b8m6yc0000gn/T/tempfw3U44
        "/Applications/Xcode.app/Contents/Developer/Toolchains/XcodeDefault.xctoolchain/usr/bin/clang" "-cc1" "-triple" "arm64-apple-ios8.0.0" "-emit-obj" "-disable-llvm-passes" "-target-abi" "darwinpcs" "-Os" "-x" "ir" "25" "-o" "25.o" 
        -= Output =-
        Exited with 0
        
        Debug: Command took 0 seconds
        Clang: cd /var/folders/49/y2tlkkt14lq0vf9r81b8m6yc0000gn/T/tempfw3U44
        "/Applications/Xcode.app/Contents/Developer/Toolchains/XcodeDefault.xctoolchain/usr/bin/clang" "-cc1" "-triple" "arm64-apple-ios8.0.0" "-emit-obj" "-disable-llvm-passes" "-target-abi" "darwinpcs" "-Os" "-x" "ir" "26" "-o" "26.o" 
        -= Output =-
        Exited with 0
        
        Debug: Command took 0 seconds
        Clang: cd /var/folders/49/y2tlkkt14lq0vf9r81b8m6yc0000gn/T/tempfw3U44
        "/Applications/Xcode.app/Contents/Developer/Toolchains/XcodeDefault.xctoolchain/usr/bin/clang" "-cc1" "-triple" "arm64-apple-ios8.0.0" "-emit-obj" "-disable-llvm-passes" "-target-abi" "darwinpcs" "-Os" "-x" "ir" "27" "-o" "27.o" 
        -= Output =-
        Exited with 0
        
        Debug: Command took 0 seconds
        Clang: cd /var/folders/49/y2tlkkt14lq0vf9r81b8m6yc0000gn/T/tempfw3U44
        "/Applications/Xcode.app/Contents/Developer/Toolchains/XcodeDefault.xctoolchain/usr/bin/clang" "-cc1" "-triple" "arm64-apple-ios8.0.0" "-emit-obj" "-disable-llvm-passes" "-target-abi" "darwinpcs" "-Os" "-x" "ir" "28" "-o" "28.o" 
        -= Output =-
        Exited with 0
        
        Debug: Command took 0 seconds
        Clang: cd /var/folders/49/y2tlkkt14lq0vf9r81b8m6yc0000gn/T/tempfw3U44
        "/Applications/Xcode.app/Contents/Developer/Toolchains/XcodeDefault.xctoolchain/usr/bin/clang" "-cc1" "-triple" "arm64-apple-ios4.3.0" "-emit-obj" "-disable-llvm-passes" "-target-abi" "darwinpcs" "-Os" "-x" "ir" "29" "-o" "29.o" 
        -= Output =-
        Exited with 0
        
        Debug: Command took 0 seconds
        Debug: Found framework/dylib: /Applications/Xcode.app/Contents/Developer/Platforms/iPhoneOS.platform/Developer/SDKs/iPhoneOS11.0.sdk/System/Library/Frameworks/Foundation.framework/Foundation.tbd
        Debug: Found framework/dylib: /Applications/Xcode.app/Contents/Developer/Platforms/iPhoneOS.platform/Developer/SDKs/iPhoneOS11.0.sdk/usr/lib/libobjc.A.tbd
        Debug: Found framework/dylib: /Applications/Xcode.app/Contents/Developer/Platforms/iPhoneOS.platform/Developer/SDKs/iPhoneOS11.0.sdk/usr/lib/libSystem.B.tbd
        Debug: Found framework/dylib: /Applications/Xcode.app/Contents/Developer/Platforms/iPhoneOS.platform/Developer/SDKs/iPhoneOS11.0.sdk/System/Library/Frameworks/CoreFoundation.framework/CoreFoundation.tbd
        Debug: Found framework/dylib: /Applications/Xcode.app/Contents/Developer/Platforms/iPhoneOS.platform/Developer/SDKs/iPhoneOS11.0.sdk/System/Library/Frameworks/CoreGraphics.framework/CoreGraphics.tbd
        Debug: Found framework/dylib: /Applications/Xcode.app/Contents/Developer/Platforms/iPhoneOS.platform/Developer/SDKs/iPhoneOS11.0.sdk/System/Library/Frameworks/UIKit.framework/UIKit.tbd
        Debug: Found framework/dylib: /Applications/Xcode.app/Contents/Developer/Platforms/iPhoneOS.platform/Developer/SDKs/iPhoneOS11.0.sdk/usr/lib/libobjc.A.tbd
        Ld: cd /var/folders/49/y2tlkkt14lq0vf9r81b8m6yc0000gn/T/tempfw3U44
        "/Applications/Xcode.app/Contents/Developer/Toolchains/XcodeDefault.xctoolchain/usr/bin/ld" "-arch" "arm64" "-execute" "-ios_version_min" "8.0.0" "-e" "_main" "-rpath" "@executable_path/Frameworks" "-executable_path" "/Users/shenjie/Library/Developer/Xcode/DerivedData/CoolFrame-fkqeurhkoxyzrtfwgcqkfqletzji/Build/Intermediates.noindex/ArchiveIntermediates/CoolFrame/IntermediateBuildFilesPath/CoolFrame.build/Release-iphoneos/CoolFrame.build/Objects-normal/arm64/CoolFrame" "-dead_strip" "-syslibroot" "/Applications/Xcode.app/Contents/Developer/Platforms/iPhoneOS.platform/Developer/SDKs/iPhoneOS11.0.sdk" "-sdk_version" "
2017-09-27 06:11:08 +0000  11.0.0" "-filelist" "/private/var/folders/49/y2tlkkt14lq0vf9r81b8m6yc0000gn/T/CoolFrameQqwAei/CoolFrame.arm64.out.LinkFileList" "-ignore_auto_link" "-allow_dead_duplicates" "/Applications/Xcode.app/Contents/Developer/Platforms/iPhoneOS.platform/Developer/SDKs/iPhoneOS11.0.sdk/System/Library/Frameworks/Foundation.framework/Foundation.tbd" "/Applications/Xcode.app/Contents/Developer/Platforms/iPhoneOS.platform/Developer/SDKs/iPhoneOS11.0.sdk/usr/lib/libobjc.A.tbd" "/Applications/Xcode.app/Contents/Developer/Platforms/iPhoneOS.platform/Developer/SDKs/iPhoneOS11.0.sdk/usr/lib/libSystem.B.tbd" "/Applications/Xcode.app/Contents/Developer/Platforms/iPhoneOS.platform/Developer/SDKs/iPhoneOS11.0.sdk/System/Library/Frameworks/CoreFoundation.framework/CoreFoundation.tbd" "/Applications/Xcode.app/Contents/Developer/Platforms/iPhoneOS.platform/Developer/SDKs/iPhoneOS11.0.sdk/System/Library/Frameworks/CoreGraphics.framework/CoreGraphics.tbd" "/Applications/Xcode.app/Contents/Developer/Platforms/iPhoneOS.platform/Developer/SDKs/iPhoneOS11.0.sdk/System/Library/Frameworks/UIKit.framework/UIKit.tbd" "/Applications/Xcode.app/Contents/Developer/Platforms/iPhoneOS.platform/Developer/SDKs/iPhoneOS11.0.sdk/usr/lib/libobjc.A.tbd" "/Applications/Xcode.app/Contents/Developer/Toolchains/XcodeDefault.xctoolchain/usr/lib/clang/9.0.0/lib/darwin/libclang_rt.ios.a" "-o" "/private/var/folders/49/y2tlkkt14lq0vf9r81b8m6yc0000gn/T/CoolFrameQqwAei/CoolFrame.arm64.out" 
        -= Output =-
        Exited with 0
        
        Debug: Command took 0 seconds
        warning: Cannot genarte useful dsym from input macho file: /var/folders/49/y2tlkkt14lq0vf9r81b8m6yc0000gn/T/ipatool20170927-11114-1emh3pv/thinned/arm64/Payload/CoolFrame.app/CoolFrame
        
        GetUUID: cd /
        "/Applications/Xcode.app/Contents/Developer/Toolchains/XcodeDefault.xctoolchain/usr/bin/dwarfdump" "-u" "/var/folders/49/y2tlkkt14lq0vf9r81b8m6yc0000gn/T/ipatool20170927-11114-1emh3pv/thinned/arm64/Payload/CoolFrame.app/CoolFrame" 
        -= Output =-
        UUID: 192CC1C0-9862-3728-8496-087BF7E5DEC4 (arm64) /var/folders/49/y2tlkkt14lq0vf9r81b8m6yc0000gn/T/ipatool20170927-11114-1emh3pv/thinned/arm64/Payload/CoolFrame.app/CoolFrame
        Exited with 0
        
        Debug: Command took 0 seconds
        Debug: Using: /Applications/Xcode.app/Contents/Developer/Toolchains/XcodeDefault.xctoolchain/usr/bin/dsymutil
        Dsymutil: cd /
        "/Applications/Xcode.app/Contents/Developer/Toolchains/XcodeDefault.xctoolchain/usr/bin/dsymutil" "/var/folders/49/y2tlkkt14lq0vf9r81b8m6yc0000gn/T/ipatool20170927-11114-1emh3pv/thinned/arm64/Payload/CoolFrame.app/CoolFrame" "-o" "/var/folders/49/y2tlkkt14lq0vf9r81b8m6yc0000gn/T/ipatool20170927-11114-1emh3pv/thinned/arm64/Payload/CoolFrame.app/CoolFrame.dSYM" 
        -= Output =-
        Exited with 0
        
        Debug: Command took 0 seconds
        Debug: Using: /Applications/Xcode.app/Contents/Developer/Toolchains/XcodeDefault.xctoolchain/usr/bin/strip
        StripSymbols: cd /
        "/Applications/Xcode.app/Contents/Developer/Toolchains/XcodeDefault.xctoolchain/usr/bin/strip" "/var/folders/49/y2tlkkt14lq0vf9r81b8m6yc0000gn/T/ipatool20170927-11114-1emh3pv/thinned/arm64/Payload/CoolFrame.app/CoolFrame" 
        -= Output =-
        Exited with 0
        
        Debug: Command took 0 seconds
    
    Stderr:
/Applications/Xcode.app/Contents/Developer/usr/bin/symbols -failIfMissingDsym -symbolsPackageDir /var/folders/49/y2tlkkt14lq0vf9r81b8m6yc0000gn/T/ipatool20170927-11114-1emh3pv/thinned/arm64/Payload/CoolFrame.app /var/folders/49/y2tlkkt14lq0vf9r81b8m6yc0000gn/T/ipatool20170927-11114-1emh3pv/thinned/arm64/Payload/CoolFrame.app/CoolFrame
2017-09-27 06:11:09 +0000      /Applications/Xcode.app/Contents/Developer/usr/bin/symbols exited with pid 11309 exit 0
    Stdout:
        /var/folders/49/y2tlkkt14lq0vf9r81b8m6yc0000gn/T/ipatool20170927-11114-1emh3pv/thinned/arm64/Payload/CoolFrame.app/CoolFrame [arm64, 0.000389 seconds]:
    
    Stderr:
2017-09-27 06:11:09 +0000  Creating universal IPA contents for all devices
  Creating directory /var/folders/49/y2tlkkt14lq0vf9r81b8m6yc0000gn/T/IDEIPAProcessor.AppThinning.yQM/universal
  Copying CoolFrame.app output payload directory
2017-09-27 06:11:09 +0000    Copying .dSYM files to /var/folders/49/y2tlkkt14lq0vf9r81b8m6yc0000gn/T/IDEIPAProcessor.AppThinning.yQM/universal/dSYMs
  Copying .symbols files to /var/folders/49/y2tlkkt14lq0vf9r81b8m6yc0000gn/T/IDEIPAProcessor.AppThinning.yQM/universal/Symbols
2017-09-27 06:11:09 +0000 [MT] /Applications/Xcode.app/Contents/Developer/usr/bin/ipatool exited with 0
2017-09-27 06:11:09 +0000 [MT] ipatool JSON: {
    alerts =     (
                {
            code = 2808;
            description = "Configuration issue: platform AppleTVSimulator.platform doesn't have any non-simulator SDKs; ignoring it";
            info =             {
            };
            level = WARN;
        },
                {
            code = 2808;
            description = "Configuration issue: platform iPhoneSimulator.platform doesn't have any non-simulator SDKs; ignoring it";
            info =             {
            };
            level = WARN;
        },
                {
            code = 2808;
            description = "Configuration issue: platform WatchSimulator.platform doesn't have any non-simulator SDKs; ignoring it";
            info =             {
            };
            level = WARN;
        }
    );
    thinnableAssetCatalogs =     (
    );
    universalIPA =     {
        path = "/var/folders/49/y2tlkkt14lq0vf9r81b8m6yc0000gn/T/IDEIPAProcessor.AppThinning.yQM/universal";
    };
}
2017-09-27 06:11:09 +0000 [MT] Processing step: IDEDistributionCodeSlimmingStep
2017-09-27 06:11:09 +0000 [MT] Processing step: IDEDistributionCopyBCSymbolMapsStep
2017-09-27 06:11:09 +0000 [MT] Processing step: IDEDistributionSymbolsStep
2017-09-27 06:11:09 +0000 [MT] Skipping step: IDEDistributionSymbolsStep because it said so
2017-09-27 06:11:09 +0000 [MT] Processing step: IDEDistributionAppThinningStep
2017-09-27 06:11:09 +0000 [MT] Skipping step: IDEDistributionAppThinningStep because it said so
2017-09-27 06:11:09 +0000 [MT] Processing step: IDEDistributionODRStep
2017-09-27 06:11:09 +0000 [MT] Processing step: IDEDistributionStripXattrsStep
2017-09-27 06:11:09 +0000 [MT] Running /usr/bin/xattr '-cr' '/var/folders/49/y2tlkkt14lq0vf9r81b8m6yc0000gn/T/XcodeDistPipeline.xBX/Root/Payload/CoolFrame.app'
2017-09-27 06:11:09 +0000 [MT] /usr/bin/xattr exited with 0
2017-09-27 06:11:09 +0000 [MT] Processing step: IDEDistributionCodesignStep
2017-09-27 06:11:09 +0000 [MT] Applying entitlements delta for <IDEDistributionItem: 0x7f8c0f8013d0 'com.snailgames.coolframe' '<DVTFilePath:0x7f8c0f2f8750:'/Users/shenjie/Documents/Myproject/GitProj/CoolFrame/build/CoolFrame.xcarchive/Products/Applications/CoolFrame.app'>'> from <IDEiCloudEntitlementsProcessor: 0x7f8c0f8011c0>: {
}
2017-09-27 06:11:09 +0000 [MT] Entitlements for <IDEDistributionItem: 0x7f8c0f8013d0 'com.snailgames.coolframe' '<DVTFilePath:0x7f8c0f2f8750:'/Users/shenjie/Documents/Myproject/GitProj/CoolFrame/build/CoolFrame.xcarchive/Products/Applications/CoolFrame.app'>'>: {
    "application-identifier" = "8SRP47XFRN.com.snailgames.coolframe";
    "com.apple.developer.team-identifier" = 8SRP47XFRN;
    "get-task-allow" = 0;
    "keychain-access-groups" =     (
        "8SRP47XFRN.com.snailgames.coolframe"
    );
}
2017-09-27 06:11:09 +0000 [MT] Writing entitlements for <IDEDistributionItem: 0x7f8c0f8013d0 'com.snailgames.coolframe' '<DVTFilePath:0x7f8c0f2f8750:'/Users/shenjie/Documents/Myproject/GitProj/CoolFrame/build/CoolFrame.xcarchive/Products/Applications/CoolFrame.app'>'> to: /var/folders/49/y2tlkkt14lq0vf9r81b8m6yc0000gn/T/XcodeDistPipeline.xBX/entitlementsFSf0y4
2017-09-27 06:11:09 +0000 [MT] Running /usr/bin/codesign '-vvv' '--force' '--sign' '54B442BCBEA5C9E5203BCA8F4A4B487F24BC1C0C' '--preserve-metadata=identifier,flags' '--entitlements' '/var/folders/49/y2tlkkt14lq0vf9r81b8m6yc0000gn/T/XcodeDistPipeline.xBX/entitlementsFSf0y4' '/var/folders/49/y2tlkkt14lq0vf9r81b8m6yc0000gn/T/XcodeDistPipeline.xBX/Root/Payload/CoolFrame.app'
2017-09-27 06:11:09 +0000  /var/folders/49/y2tlkkt14lq0vf9r81b8m6yc0000gn/T/XcodeDistPipeline.xBX/Root/Payload/CoolFrame.app: signed app bundle with Mach-O universal (armv7 arm64) [com.snailgames.coolframe]
2017-09-27 06:11:09 +0000 [MT] /usr/bin/codesign exited with 0
2017-09-27 06:11:09 +0000 [MT] Processing step: IDEDistributionStreamingZipItemStep
2017-09-27 06:11:09 +0000 [MT] Skipping step: IDEDistributionStreamingZipItemStep because it said so
2017-09-27 06:11:09 +0000 [MT] Processing step: IDEDistributionCreateIPAStep
2017-09-27 06:11:09 +0000 [MT] Running /usr/bin/ditto '-V' '-c' '-k' '--norsrc' '/var/folders/49/y2tlkkt14lq0vf9r81b8m6yc0000gn/T/XcodeDistPipeline.xBX/Root' '/var/folders/49/y2tlkkt14lq0vf9r81b8m6yc0000gn/T/XcodeDistPipeline.xBX/Packages/CoolFrame.ipa'
2017-09-27 06:11:09 +0000  >>> Copying /var/folders/49/y2tlkkt14lq0vf9r81b8m6yc0000gn/T/XcodeDistPipeline.xBX/Root 
2017-09-27 06:11:09 +0000  copying file ./Payload/CoolFrame.app/1.png ... 
2017-09-27 06:11:09 +0000  755809 bytes for ./Payload/CoolFrame.app/1.png
copying file ./Payload/CoolFrame.app/2.png ... 
2017-09-27 06:11:09 +0000  741255 bytes for ./Payload/CoolFrame.app/2.png
copying file ./Payload/CoolFrame.app/3.png ... 
2017-09-27 06:11:09 +0000  387488 bytes for ./Payload/CoolFrame.app/3.png
copying file ./Payload/CoolFrame.app/4.png ... 
2017-09-27 06:11:09 +0000  368908 bytes for ./Payload/CoolFrame.app/4.png
copying file ./Payload/CoolFrame.app/5.png ... 
2017-09-27 06:11:09 +0000  609194 bytes for ./Payload/CoolFrame.app/5.png
2017-09-27 06:11:09 +0000  copying file ./Payload/CoolFrame.app/_CodeSignature/CodeResources ... 
2017-09-27 06:11:09 +0000  14329 bytes for ./Payload/CoolFrame.app/_CodeSignature/CodeResources
2017-09-27 06:11:09 +0000  copying file ./Payload/CoolFrame.app/archived-expanded-entitlements.xcent ... 
386 bytes for ./Payload/CoolFrame.app/archived-expanded-entitlements.xcent
copying file ./Payload/CoolFrame.app/Base.lproj/LaunchScreen.storyboardc/01J-lp-oVM-view-Ze5-6b-2t3.nib ... 
2017-09-27 06:11:09 +0000  1791 bytes for ./Payload/CoolFrame.app/Base.lproj/LaunchScreen.storyboardc/01J-lp-oVM-view-Ze5-6b-2t3.nib
copying file ./Payload/CoolFrame.app/Base.lproj/LaunchScreen.storyboardc/Info.plist ... 
2017-09-27 06:11:09 +0000  258 bytes for ./Payload/CoolFrame.app/Base.lproj/LaunchScreen.storyboardc/Info.plist
copying file ./Payload/CoolFrame.app/Base.lproj/LaunchScreen.storyboardc/UIViewController-01J-lp-oVM.nib ... 
2017-09-27 06:11:09 +0000  832 bytes for ./Payload/CoolFrame.app/Base.lproj/LaunchScreen.storyboardc/UIViewController-01J-lp-oVM.nib
copying file ./Payload/CoolFrame.app/Base.lproj/Main.storyboardc/BYZ-38-t0r-view-8bC-Xf-vdC.nib ... 
2017-09-27 06:11:09 +0000  1791 bytes for ./Payload/CoolFrame.app/Base.lproj/Main.storyboardc/BYZ-38-t0r-view-8bC-Xf-vdC.nib
copying file ./Payload/CoolFrame.app/Base.lproj/Main.storyboardc/Info.plist ... 
2017-09-27 06:11:09 +0000  258 bytes for ./Payload/CoolFrame.app/Base.lproj/Main.storyboardc/Info.plist
copying file ./Payload/CoolFrame.app/Base.lproj/Main.storyboardc/UIViewController-BYZ-38-t0r.nib ... 
2017-09-27 06:11:09 +0000  916 bytes for ./Payload/CoolFrame.app/Base.lproj/Main.storyboardc/UIViewController-BYZ-38-t0r.nib
copying file ./Payload/CoolFrame.app/contest@2x.png ... 
2017-09-27 06:11:09 +0000  578 bytes for ./Payload/CoolFrame.app/contest@2x.png
copying file ./Payload/CoolFrame.app/contest@3x.png ... 
2017-09-27 06:11:09 +0000  902 bytes for ./Payload/CoolFrame.app/contest@3x.png
copying file ./Payload/CoolFrame.app/CoolFrame ... 
2017-09-27 06:11:09 +0000  555008 bytes for ./Payload/CoolFrame.app/CoolFrame
copying file ./Payload/CoolFrame.app/data.plist ... 
2017-09-27 06:11:09 +0000  56 bytes for ./Payload/CoolFrame.app/data.plist
copying file ./Payload/CoolFrame.app/delete@2x.png ... 
745 bytes for ./Payload/CoolFrame.app/delete@2x.png
copying file ./Payload/CoolFrame.app/delete@3x.png ... 
2017-09-27 06:11:09 +0000  433 bytes for ./Payload/CoolFrame.app/delete@3x.png
copying file ./Payload/CoolFrame.app/embedded.mobileprovision ... 
2017-09-27 06:11:09 +0000  7614 bytes for ./Payload/CoolFrame.app/embedded.mobileprovision
copying file ./Payload/CoolFrame.app/exportOptions.plist ... 
2017-09-27 06:11:09 +0000  173 bytes for ./Payload/CoolFrame.app/exportOptions.plist
copying file ./Payload/CoolFrame.app/fakeData.json ... 
2017-09-27 06:11:09 +0000  5558 bytes for ./Payload/CoolFrame.app/fakeData.json
copying file ./Payload/CoolFrame.app/Info.plist ... 
2017-09-27 06:11:09 +0000  2535 bytes for ./Payload/CoolFrame.app/Info.plist
copying file ./Payload/CoolFrame.app/latest@2x.png ... 
2017-09-27 06:11:09 +0000  1543 bytes for ./Payload/CoolFrame.app/latest@2x.png
copying file ./Payload/CoolFrame.app/latest@3x.png ... 
2017-09-27 06:11:09 +0000  2667 bytes for ./Payload/CoolFrame.app/latest@3x.png
copying file ./Payload/CoolFrame.app/me@2x.png ... 
2017-09-27 06:11:09 +0000  498 bytes for ./Payload/CoolFrame.app/me@2x.png
copying file ./Payload/CoolFrame.app/me@3x.png ... 
2017-09-27 06:11:09 +0000  693 bytes for ./Payload/CoolFrame.app/me@3x.png
copying file ./Payload/CoolFrame.app/menu.png ... 
2017-09-27 06:11:09 +0000  6283 bytes for ./Payload/CoolFrame.app/menu.png
copying file ./Payload/CoolFrame.app/nav_bg@2x.png ... 
2017-09-27 06:11:09 +0000  189 bytes for ./Payload/CoolFrame.app/nav_bg@2x.png
copying file ./Payload/CoolFrame.app/no_searchresult@2x.png ... 
2017-09-27 06:11:09 +0000  7319 bytes for ./Payload/CoolFrame.app/no_searchresult@2x.png
copying file ./Payload/CoolFrame.app/no_searchresult@3x.png ... 
2017-09-27 06:11:09 +0000  11203 bytes for ./Payload/CoolFrame.app/no_searchresult@3x.png
copying file ./Payload/CoolFrame.app/PkgInfo ... 
2017-09-27 06:11:09 +0000  8 bytes for ./Payload/CoolFrame.app/PkgInfo
copying file ./Payload/CoolFrame.app/rank@2x.png ... 
2017-09-27 06:11:09 +0000  544 bytes for ./Payload/CoolFrame.app/rank@2x.png
copying file ./Payload/CoolFrame.app/rank@3x.png ... 
2017-09-27 06:11:09 +0000  843 bytes for ./Payload/CoolFrame.app/rank@3x.png
copying file ./Payload/CoolFrame.app/redarrowRighticon@2x.png ... 
737 bytes for ./Payload/CoolFrame.app/redarrowRighticon@2x.png
2017-09-27 06:11:09 +0000  copying file ./Payload/CoolFrame.app/search_icon@2x.png ... 
651 bytes for ./Payload/CoolFrame.app/search_icon@2x.png
copying file ./Payload/CoolFrame.app/search_icon@3x.png ... 
2017-09-27 06:11:09 +0000  694 bytes for ./Payload/CoolFrame.app/search_icon@3x.png
copying file ./Payload/CoolFrame.app/separator_line@2x.png ... 
2017-09-27 06:11:09 +0000  131 bytes for ./Payload/CoolFrame.app/separator_line@2x.png
copying file ./Payload/CoolFrame.app/separator_line@3x.png ... 
133 bytes for ./Payload/CoolFrame.app/separator_line@3x.png
copying file ./Payload/CoolFrame.app/tabbar_back_normal@2x.png ... 
2017-09-27 06:11:09 +0000  134 bytes for ./Payload/CoolFrame.app/tabbar_back_normal@2x.png
copying file ./Payload/CoolFrame.app/tabbar_back_normal@3x.png ... 
145 bytes for ./Payload/CoolFrame.app/tabbar_back_normal@3x.png
copying file ./Payload/CoolFrame.app/tabbar_back_selected@2x.png ... 
2017-09-27 06:11:09 +0000  134 bytes for ./Payload/CoolFrame.app/tabbar_back_selected@2x.png
copying file ./Payload/CoolFrame.app/tabbar_back_selected@3x.png ... 
144 bytes for ./Payload/CoolFrame.app/tabbar_back_selected@3x.png
copying file ./Payload/CoolFrame.app/topicImg.png ... 
2017-09-27 06:11:09 +0000  256793 bytes for ./Payload/CoolFrame.app/topicImg.png
2017-09-27 06:11:09 +0000 [MT] /usr/bin/ditto exited with 0
2017-09-27 06:11:09 +0000 [MT] Processing step: IDEDistributionCreateManifestStep
